<?xml version="1.0" encoding="UTF-8"?>
<testsuite name="scriptrunner.app.MessageUtilsTest" tests="1" skipped="0" failures="0" errors="0" timestamp="2022-12-18T21:56:19" hostname="DESKTOP-VUBSH2A" time="0.012">
  <properties/>
  <testcase name="testGetMessage()" classname="scriptrunner.app.MessageUtilsTest" time="0.012"/>
  <system-out><![CDATA[]]></system-out>
  <system-err><![CDATA[]]></system-err>
</testsuite>
